This file contains any messages produced by compilers while
running configure, to aid debugging if configure makes a mistake.

It was created by configure, which was
generated by GNU Autoconf 2.59.  Invocation command line was

  $ ./configure 

## --------- ##
## Platform. ##
## --------- ##

hostname = world
uname -m = i686
uname -r = 2.6.11.7
uname -s = Linux
uname -v = #15 Mon May 9 10:19:07 CEST 2005

/usr/bin/uname -p = unknown
/bin/uname -X     = unknown

/bin/arch              = i686
/usr/bin/arch -k       = unknown
/usr/convex/getsysinfo = unknown
hostinfo               = unknown
/bin/machine           = unknown
/usr/bin/oslevel       = unknown
/bin/universe          = unknown

PATH: /home/berry/globule/apache/bin
PATH: /home/berry/bin/sh
PATH: /home/berry/bin/linux/i686
PATH: /usr/local/bin
PATH: /usr/local/sbin
PATH: /bin
PATH: /sbin
PATH: /usr/bin
PATH: /usr/sbin
PATH: /usr/X11/bin
PATH: /usr/local/sbin
PATH: /opt/kde/bin
PATH: .
PATH: /usr/local/java/bin
PATH: /usr/share/texmf/bin
PATH: /opt/gnome/bin
PATH: /opt/kde/bin


## ----------- ##
## Core tests. ##
## ----------- ##

configure:1292: checking build system type
configure:1310: result: i686-pc-linux-gnu
configure:1318: checking host system type
configure:1332: result: i686-pc-linux-gnu
configure:1340: checking target system type
configure:1354: result: i686-pc-linux-gnu
configure:1418: checking for gcc
configure:1434: found /usr/bin/gcc
configure:1444: result: gcc
configure:1688: checking for C compiler version
configure:1691: gcc --version </dev/null >&5
gcc (GCC) 3.3.4
Copyright (C) 2003 Free Software Foundation, Inc.
This is free software; see the source for copying conditions.  There is NO
warranty; not even for MERCHANTABILITY or FITNESS FOR A PARTICULAR PURPOSE.

configure:1694: $? = 0
configure:1696: gcc -v </dev/null >&5
Reading specs from /usr/lib/gcc-lib/i486-slackware-linux/3.3.4/specs
Configured with: ../gcc-3.3.4/configure --prefix=/usr --enable-shared --enable-threads=posix --enable-__cxa_atexit --disable-checking --with-gnu-ld --verbose --target=i486-slackware-linux --host=i486-slackware-linux
Thread model: posix
gcc version 3.3.4
configure:1699: $? = 0
configure:1701: gcc -V </dev/null >&5
gcc: `-V' option must have argument
configure:1704: $? = 1
configure:1727: checking for C compiler default output file name
configure:1730: gcc    conftest.c  >&5
configure:1733: $? = 0
configure:1779: result: a.out
configure:1784: checking whether the C compiler works
configure:1790: ./a.out
configure:1793: $? = 0
configure:1810: result: yes
configure:1817: checking whether we are cross compiling
configure:1819: result: no
configure:1822: checking for suffix of executables
configure:1824: gcc -o conftest    conftest.c  >&5
configure:1827: $? = 0
configure:1852: result: 
configure:1858: checking for suffix of object files
configure:1879: gcc -c   conftest.c >&5
configure:1882: $? = 0
configure:1904: result: o
configure:1908: checking whether we are using the GNU C compiler
configure:1932: gcc -c   conftest.c >&5
configure:1938: $? = 0
configure:1942: test -z 
			 || test ! -s conftest.err
configure:1945: $? = 0
configure:1948: test -s conftest.o
configure:1951: $? = 0
configure:1964: result: yes
configure:1970: checking whether gcc accepts -g
configure:1991: gcc -c -g  conftest.c >&5
configure:1997: $? = 0
configure:2001: test -z 
			 || test ! -s conftest.err
configure:2004: $? = 0
configure:2007: test -s conftest.o
configure:2010: $? = 0
configure:2021: result: yes
configure:2038: checking for gcc option to accept ANSI C
configure:2108: gcc  -c -g -O2  conftest.c >&5
configure:2114: $? = 0
configure:2118: test -z 
			 || test ! -s conftest.err
configure:2121: $? = 0
configure:2124: test -s conftest.o
configure:2127: $? = 0
configure:2145: result: none needed
configure:2163: gcc -c -g -O2  conftest.c >&5
conftest.c:2: error: parse error before "me"
configure:2169: $? = 1
configure: failed program was:
| #ifndef __cplusplus
|   choke me
| #endif
configure:2354: checking for g++
configure:2370: found /usr/bin/g++
configure:2380: result: g++
configure:2396: checking for C++ compiler version
configure:2399: g++ --version </dev/null >&5
g++ (GCC) 3.3.4
Copyright (C) 2003 Free Software Foundation, Inc.
This is free software; see the source for copying conditions.  There is NO
warranty; not even for MERCHANTABILITY or FITNESS FOR A PARTICULAR PURPOSE.

configure:2402: $? = 0
configure:2404: g++ -v </dev/null >&5
Reading specs from /usr/lib/gcc-lib/i486-slackware-linux/3.3.4/specs
Configured with: ../gcc-3.3.4/configure --prefix=/usr --enable-shared --enable-threads=posix --enable-__cxa_atexit --disable-checking --with-gnu-ld --verbose --target=i486-slackware-linux --host=i486-slackware-linux
Thread model: posix
gcc version 3.3.4
configure:2407: $? = 0
configure:2409: g++ -V </dev/null >&5
g++: `-V' option must have argument
configure:2412: $? = 1
configure:2415: checking whether we are using the GNU C++ compiler
configure:2439: g++ -c   conftest.cc >&5
configure:2445: $? = 0
configure:2449: test -z 
			 || test ! -s conftest.err
configure:2452: $? = 0
configure:2455: test -s conftest.o
configure:2458: $? = 0
configure:2471: result: yes
configure:2477: checking whether g++ accepts -g
configure:2498: g++ -c -g  conftest.cc >&5
configure:2504: $? = 0
configure:2508: test -z 
			 || test ! -s conftest.err
configure:2511: $? = 0
configure:2514: test -s conftest.o
configure:2517: $? = 0
configure:2528: result: yes
configure:2570: g++ -c -g -O2  conftest.cc >&5
configure:2576: $? = 0
configure:2580: test -z 
			 || test ! -s conftest.err
configure:2583: $? = 0
configure:2586: test -s conftest.o
configure:2589: $? = 0
configure:2615: g++ -c -g -O2  conftest.cc >&5
conftest.cc: In function `int main()':
conftest.cc:13: error: `exit' undeclared (first use this function)
conftest.cc:13: error: (Each undeclared identifier is reported only once for 
   each function it appears in.)
configure:2621: $? = 1
configure: failed program was:
| /* confdefs.h.  */
| 
| #define PACKAGE_NAME ""
| #define PACKAGE_TARNAME ""
| #define PACKAGE_VERSION ""
| #define PACKAGE_STRING ""
| #define PACKAGE_BUGREPORT ""
| /* end confdefs.h.  */
| 
| int
| main ()
| {
| exit (42);
|   ;
|   return 0;
| }
configure:2570: g++ -c -g -O2  conftest.cc >&5
configure:2576: $? = 0
configure:2580: test -z 
			 || test ! -s conftest.err
configure:2583: $? = 0
configure:2586: test -s conftest.o
configure:2589: $? = 0
configure:2615: g++ -c -g -O2  conftest.cc >&5
configure:2621: $? = 0
configure:2625: test -z 
			 || test ! -s conftest.err
configure:2628: $? = 0
configure:2631: test -s conftest.o
configure:2634: $? = 0
configure:2659: checking for g++ compiler version
configure:2671: result: 3.3.4 ok
configure:2677: checking for OpenSSL
configure:2688: result: /usr

## ---------------- ##
## Cache variables. ##
## ---------------- ##

ac_cv_build=i686-pc-linux-gnu
ac_cv_build_alias=i686-pc-linux-gnu
ac_cv_c_compiler_gnu=yes
ac_cv_cxx_compiler_gnu=yes
ac_cv_env_CC_set=
ac_cv_env_CC_value=
ac_cv_env_CFLAGS_set=
ac_cv_env_CFLAGS_value=
ac_cv_env_CPPFLAGS_set=
ac_cv_env_CPPFLAGS_value=
ac_cv_env_CXXFLAGS_set=
ac_cv_env_CXXFLAGS_value=
ac_cv_env_CXX_set=
ac_cv_env_CXX_value=
ac_cv_env_LDFLAGS_set=
ac_cv_env_LDFLAGS_value=
ac_cv_env_build_alias_set=
ac_cv_env_build_alias_value=
ac_cv_env_host_alias_set=
ac_cv_env_host_alias_value=
ac_cv_env_target_alias_set=
ac_cv_env_target_alias_value=
ac_cv_exeext=
ac_cv_host=i686-pc-linux-gnu
ac_cv_host_alias=i686-pc-linux-gnu
ac_cv_objext=o
ac_cv_prog_ac_ct_CC=gcc
ac_cv_prog_ac_ct_CXX=g++
ac_cv_prog_cc_g=yes
ac_cv_prog_cc_stdc=
ac_cv_prog_cxx_g=yes
ac_cv_target=i686-pc-linux-gnu
ac_cv_target_alias=i686-pc-linux-gnu

## ----------------- ##
## Output variables. ##
## ----------------- ##

CC='gcc'
CFLAGS='-g -O2 -I/usr/include'
CPPFLAGS=' -I/usr/include'
CXX='g++'
CXXFLAGS='-g -O2'
DEFS=''
ECHO_C=''
ECHO_N='-n'
ECHO_T=''
EXEEXT=''
LDFLAGS=' -L/usr -R/usr -lcrypto'
LIBS=''
OBJEXT='o'
OPENSSLDIR='/usr'
PACKAGE_BUGREPORT=''
PACKAGE_NAME=''
PACKAGE_STRING=''
PACKAGE_TARNAME=''
PACKAGE_VERSION=''
PATH_SEPARATOR=':'
SHELL='/bin/sh'
ac_ct_CC='gcc'
ac_ct_CXX='g++'
bindir='${exec_prefix}/bin'
build='i686-pc-linux-gnu'
build_alias=''
build_cpu='i686'
build_os='linux-gnu'
build_vendor='pc'
datadir='${prefix}/share'
exec_prefix='NONE'
host='i686-pc-linux-gnu'
host_alias=''
host_cpu='i686'
host_os='linux-gnu'
host_vendor='pc'
includedir='${prefix}/include'
infodir='${prefix}/info'
libdir='${exec_prefix}/lib'
libexecdir='${exec_prefix}/libexec'
localstatedir='${prefix}/var'
mandir='${prefix}/man'
oldincludedir='/usr/include'
prefix='NONE'
program_transform_name='s,x,x,'
sbindir='${exec_prefix}/sbin'
sharedstatedir='${prefix}/com'
sysconfdir='${prefix}/etc'
target='i686-pc-linux-gnu'
target_alias=''
target_cpu='i686'
target_os='linux-gnu'
target_vendor='pc'

## ----------- ##
## confdefs.h. ##
## ----------- ##

#define PACKAGE_BUGREPORT ""
#define PACKAGE_NAME ""
#define PACKAGE_STRING ""
#define PACKAGE_TARNAME ""
#define PACKAGE_VERSION ""
#endif
#ifdef __cplusplus
extern "C" void std::exit (int) throw (); using std::exit;

configure: exit 0
